<?xml version="1.0" encoding="UTF-8"?>
<!-- Generated by org.testng.reporters.JUnitXMLReporter -->
<testsuite ignored="0" hostname="Raj" failures="0" tests="10" name="Chrome_Tests" time="9.334" errors="0" timestamp="2025-07-05T18:43:56 IST">
  <testcase classname="com.krollresolver.automation.tests.Test2_ListGroupTest" name="testListGroupInTest2" time="0.296"/>
  <testcase classname="com.krollresolver.automation.tests.Test1_LoginTest" name="verifyLoginFieldsArePresent" time="1.025"/>
  <testcase classname="com.krollresolver.automation.tests.Test1_LoginTest" name="verifyInvalidEmailFormatValidation" time="0.343"/>
  <testcase classname="com.krollresolver.automation.tests.Test1_LoginTest" name="verifyRequiredPasswordFieldValidationMessage" time="0.516"/>
  <testcase classname="com.krollresolver.automation.tests.Test1_LoginTest" name="verifyRequiredEmailFieldValidationMessage" time="0.524"/>
  <testcase classname="com.krollresolver.automation.tests.Test1_LoginTest" name="verifyPasswordFieldIsMasked" time="0.068"/>
  <testcase classname="com.krollresolver.automation.tests.Test1_LoginTest" name="verifyInputFieldPlaceholders" time="0.145"/>
  <testcase classname="com.krollresolver.automation.tests.Test1_LoginTest" name="verifyFieldValidationMessages" time="0.398"/>
  <testcase classname="com.krollresolver.automation.tests.Test1_LoginTest" name="verifyFieldValidationMessages" time="0.42"/>
  <testcase classname="com.krollresolver.automation.tests.Test1_LoginTest" name="verifyFieldValidationMessages" time="0.522"/>
</testsuite> <!-- Chrome_Tests -->
