<?xml version="1.0" encoding="UTF-8"?>
<!-- Generated by org.testng.reporters.JUnitXMLReporter -->
<testsuite ignored="0" hostname="Raj" failures="0" tests="4" name="Edge_Tests" time="10.333" errors="0" timestamp="2025-07-05T18:46:47 IST">
  <testcase classname="com.krollresolver.automation.tests.Test4_ButtonStateTest" name="verifyButtonStatesOnTest4Page" time="0.21"/>
  <testcase classname="com.krollresolver.automation.tests.Test3_DropdownTest" name="testDropdownSelection" time="0.606"/>
  <testcase classname="com.krollresolver.automation.tests.Test6_GridTest" name="verifyGridDataAndCoordinates" time="0.242"/>
  <testcase classname="com.krollresolver.automation.tests.Test5_DelayedButtonTest" name="verifyDelayedButtonBehavior" time="5.417"/>
</testsuite> <!-- Edge_Tests -->
