<?xml version="1.0" encoding="UTF-8"?>
<!-- Generated by org.testng.reporters.JUnitXMLReporter -->
<testsuite ignored="0" hostname="Raj" failures="0" tests="14" name="Test" time="11.519" errors="0" timestamp="2025-07-05T17:11:01 IST">
  <testcase classname="com.krollresolver.automation.tests.Test4_ButtonStateTest" name="verifyButtonStatesOnTest4Page" time="1.507"/>
  <testcase classname="com.krollresolver.automation.tests.Test2_ListGroupTest" name="testListGroupInTest2" time="1.096"/>
  <testcase classname="com.krollresolver.automation.tests.Test6_GridTest" name="verifyGridDataAndCoordinates" time="1.757"/>
  <testcase classname="com.krollresolver.automation.tests.Test3_DropdownTest" name="testDropdownSelection" time="1.299"/>
  <testcase classname="com.krollresolver.automation.tests.Test1_LoginTest" name="verifyLoginFieldsArePresent" time="0.436"/>
  <testcase classname="com.krollresolver.automation.tests.Test1_LoginTest" name="verifyInvalidEmailFormatValidation" time="0.238"/>
  <testcase classname="com.krollresolver.automation.tests.Test5_DelayedButtonTest" name="verifyDelayedButtonBehavior" time="3.299"/>
  <testcase classname="com.krollresolver.automation.tests.Test1_LoginTest" name="verifyRequiredPasswordFieldValidationMessage" time="0.26"/>
  <testcase classname="com.krollresolver.automation.tests.Test1_LoginTest" name="verifyRequiredEmailFieldValidationMessage" time="0.247"/>
  <testcase classname="com.krollresolver.automation.tests.Test1_LoginTest" name="verifyPasswordFieldIsMasked" time="0.022"/>
  <testcase classname="com.krollresolver.automation.tests.Test1_LoginTest" name="verifyInputFieldPlaceholders" time="0.035"/>
  <testcase classname="com.krollresolver.automation.tests.Test1_LoginTest" name="verifyFieldValidationMessages" time="0.196"/>
  <testcase classname="com.krollresolver.automation.tests.Test1_LoginTest" name="verifyFieldValidationMessages" time="0.267"/>
  <testcase classname="com.krollresolver.automation.tests.Test1_LoginTest" name="verifyFieldValidationMessages" time="0.342"/>
</testsuite> <!-- Test -->
