<?xml version="1.0" encoding="UTF-8"?>
<testng-results ignored="0" total="14" passed="14" failed="0" skipped="0">
  <reporter-output>
  </reporter-output>
  <suite started-at="2025-07-05T18:43:46 IST" name="CrossBrowserSuite" finished-at="2025-07-05T18:44:05 IST" duration-ms="18813">
    <groups>
    </groups>
    <test started-at="2025-07-05T18:43:46 IST" name="Chrome_Tests" finished-at="2025-07-05T18:43:55 IST" duration-ms="9334">
      <class name="com.krollresolver.automation.tests.Test2_ListGroupTest">
        <test-method is-config="true" signature="initialize(java.lang.String)[pri:0, instance:com.krollresolver.automation.tests.Test2_ListGroupTest@e6516e]" started-at="2025-07-05T18:43:46 IST" name="initialize" finished-at="2025-07-05T18:43:49 IST" duration-ms="3553" status="PASS">
          <params>
            <param index="0">
              <value>
                <![CDATA[chrome]]>
              </value>
            </param>
          </params>
          <reporter-output>
          </reporter-output>
        </test-method> <!-- initialize -->
        <test-method signature="testListGroupInTest2()[pri:0, instance:com.krollresolver.automation.tests.Test2_ListGroupTest@e6516e]" started-at="2025-07-05T18:43:49 IST" name="testListGroupInTest2" finished-at="2025-07-05T18:43:50 IST" duration-ms="296" status="PASS">
          <reporter-output>
          </reporter-output>
        </test-method> <!-- testListGroupInTest2 -->
        <test-method is-config="true" signature="tearDown()[pri:0, instance:com.krollresolver.automation.tests.Test2_ListGroupTest@e6516e]" started-at="2025-07-05T18:43:50 IST" name="tearDown" finished-at="2025-07-05T18:43:50 IST" duration-ms="427" status="PASS">
          <reporter-output>
          </reporter-output>
        </test-method> <!-- tearDown -->
      </class> <!-- com.krollresolver.automation.tests.Test2_ListGroupTest -->
      <class name="com.krollresolver.automation.tests.Test1_LoginTest">
        <test-method is-config="true" signature="initialize(java.lang.String)[pri:0, instance:com.krollresolver.automation.tests.Test1_LoginTest@7a56812e]" started-at="2025-07-05T18:43:46 IST" name="initialize" finished-at="2025-07-05T18:43:49 IST" duration-ms="3127" status="PASS">
          <params>
            <param index="0">
              <value>
                <![CDATA[chrome]]>
              </value>
            </param>
          </params>
          <reporter-output>
          </reporter-output>
        </test-method> <!-- initialize -->
        <test-method is-config="true" signature="setUpPage()[pri:0, instance:com.krollresolver.automation.tests.Test1_LoginTest@7a56812e]" started-at="2025-07-05T18:43:49 IST" name="setUpPage" finished-at="2025-07-05T18:43:49 IST" duration-ms="61" status="PASS">
          <reporter-output>
          </reporter-output>
        </test-method> <!-- setUpPage -->
        <test-method signature="verifyLoginFieldsArePresent()[pri:1, instance:com.krollresolver.automation.tests.Test1_LoginTest@7a56812e]" started-at="2025-07-05T18:43:49 IST" name="verifyLoginFieldsArePresent" finished-at="2025-07-05T18:43:50 IST" duration-ms="1025" status="PASS">
          <reporter-output>
          </reporter-output>
        </test-method> <!-- verifyLoginFieldsArePresent -->
        <test-method is-config="true" signature="setUpPage()[pri:0, instance:com.krollresolver.automation.tests.Test1_LoginTest@7a56812e]" started-at="2025-07-05T18:43:50 IST" name="setUpPage" finished-at="2025-07-05T18:43:50 IST" duration-ms="1" status="PASS">
          <reporter-output>
          </reporter-output>
        </test-method> <!-- setUpPage -->
        <test-method signature="verifyInvalidEmailFormatValidation()[pri:2, instance:com.krollresolver.automation.tests.Test1_LoginTest@7a56812e]" started-at="2025-07-05T18:43:50 IST" name="verifyInvalidEmailFormatValidation" finished-at="2025-07-05T18:43:51 IST" duration-ms="343" status="PASS">
          <reporter-output>
          </reporter-output>
        </test-method> <!-- verifyInvalidEmailFormatValidation -->
        <test-method signature="verifyRequiredPasswordFieldValidationMessage()[pri:3, instance:com.krollresolver.automation.tests.Test1_LoginTest@7a56812e]" started-at="2025-07-05T18:43:51 IST" name="verifyRequiredPasswordFieldValidationMessage" finished-at="2025-07-05T18:43:52 IST" duration-ms="516" status="PASS">
          <reporter-output>
          </reporter-output>
        </test-method> <!-- verifyRequiredPasswordFieldValidationMessage -->
        <test-method is-config="true" signature="setUpPage()[pri:0, instance:com.krollresolver.automation.tests.Test1_LoginTest@7a56812e]" started-at="2025-07-05T18:43:51 IST" name="setUpPage" finished-at="2025-07-05T18:43:51 IST" duration-ms="0" status="PASS">
          <reporter-output>
          </reporter-output>
        </test-method> <!-- setUpPage -->
        <test-method is-config="true" signature="setUpPage()[pri:0, instance:com.krollresolver.automation.tests.Test1_LoginTest@7a56812e]" started-at="2025-07-05T18:43:52 IST" name="setUpPage" finished-at="2025-07-05T18:43:52 IST" duration-ms="1" status="PASS">
          <reporter-output>
          </reporter-output>
        </test-method> <!-- setUpPage -->
        <test-method signature="verifyRequiredEmailFieldValidationMessage()[pri:4, instance:com.krollresolver.automation.tests.Test1_LoginTest@7a56812e]" started-at="2025-07-05T18:43:52 IST" name="verifyRequiredEmailFieldValidationMessage" finished-at="2025-07-05T18:43:52 IST" duration-ms="524" status="PASS">
          <reporter-output>
          </reporter-output>
        </test-method> <!-- verifyRequiredEmailFieldValidationMessage -->
        <test-method signature="verifyPasswordFieldIsMasked()[pri:5, instance:com.krollresolver.automation.tests.Test1_LoginTest@7a56812e]" started-at="2025-07-05T18:43:53 IST" name="verifyPasswordFieldIsMasked" finished-at="2025-07-05T18:43:53 IST" duration-ms="68" status="PASS">
          <reporter-output>
          </reporter-output>
        </test-method> <!-- verifyPasswordFieldIsMasked -->
        <test-method is-config="true" signature="setUpPage()[pri:0, instance:com.krollresolver.automation.tests.Test1_LoginTest@7a56812e]" started-at="2025-07-05T18:43:53 IST" name="setUpPage" finished-at="2025-07-05T18:43:53 IST" duration-ms="0" status="PASS">
          <reporter-output>
          </reporter-output>
        </test-method> <!-- setUpPage -->
        <test-method signature="verifyInputFieldPlaceholders()[pri:6, instance:com.krollresolver.automation.tests.Test1_LoginTest@7a56812e]" started-at="2025-07-05T18:43:53 IST" name="verifyInputFieldPlaceholders" finished-at="2025-07-05T18:43:53 IST" duration-ms="145" status="PASS">
          <reporter-output>
          </reporter-output>
        </test-method> <!-- verifyInputFieldPlaceholders -->
        <test-method is-config="true" signature="setUpPage()[pri:0, instance:com.krollresolver.automation.tests.Test1_LoginTest@7a56812e]" started-at="2025-07-05T18:43:53 IST" name="setUpPage" finished-at="2025-07-05T18:43:53 IST" duration-ms="0" status="PASS">
          <reporter-output>
          </reporter-output>
        </test-method> <!-- setUpPage -->
        <test-method signature="verifyFieldValidationMessages(java.lang.String,java.lang.String,java.lang.String,java.lang.String)[pri:7, instance:com.krollresolver.automation.tests.Test1_LoginTest@7a56812e]" started-at="2025-07-05T18:43:53 IST" name="verifyFieldValidationMessages" data-provider="validationScenarios" finished-at="2025-07-05T18:43:54 IST" duration-ms="398" status="PASS">
          <params>
            <param index="0">
              <value>
                <![CDATA[]]>
              </value>
            </param>
            <param index="1">
              <value>
                <![CDATA[password]]>
              </value>
            </param>
            <param index="2">
              <value>
                <![CDATA[email]]>
              </value>
            </param>
            <param index="3">
              <value>
                <![CDATA[Please fill out this field.]]>
              </value>
            </param>
          </params>
          <reporter-output>
          </reporter-output>
        </test-method> <!-- verifyFieldValidationMessages -->
        <test-method is-config="true" signature="setUpPage()[pri:0, instance:com.krollresolver.automation.tests.Test1_LoginTest@7a56812e]" started-at="2025-07-05T18:43:53 IST" name="setUpPage" finished-at="2025-07-05T18:43:53 IST" duration-ms="0" status="PASS">
          <reporter-output>
          </reporter-output>
        </test-method> <!-- setUpPage -->
        <test-method is-config="true" signature="setUpPage()[pri:0, instance:com.krollresolver.automation.tests.Test1_LoginTest@7a56812e]" started-at="2025-07-05T18:43:54 IST" name="setUpPage" finished-at="2025-07-05T18:43:54 IST" duration-ms="1" status="PASS">
          <reporter-output>
          </reporter-output>
        </test-method> <!-- setUpPage -->
        <test-method signature="verifyFieldValidationMessages(java.lang.String,java.lang.String,java.lang.String,java.lang.String)[pri:7, instance:com.krollresolver.automation.tests.Test1_LoginTest@7a56812e]" started-at="2025-07-05T18:43:54 IST" name="verifyFieldValidationMessages" data-provider="validationScenarios" finished-at="2025-07-05T18:43:54 IST" duration-ms="420" status="PASS">
          <params>
            <param index="0">
              <value>
                <![CDATA[invalid-email]]>
              </value>
            </param>
            <param index="1">
              <value>
                <![CDATA[password]]>
              </value>
            </param>
            <param index="2">
              <value>
                <![CDATA[email]]>
              </value>
            </param>
            <param index="3">
              <value>
                <![CDATA[Please include an '@']]>
              </value>
            </param>
          </params>
          <reporter-output>
          </reporter-output>
        </test-method> <!-- verifyFieldValidationMessages -->
        <test-method signature="verifyFieldValidationMessages(java.lang.String,java.lang.String,java.lang.String,java.lang.String)[pri:7, instance:com.krollresolver.automation.tests.Test1_LoginTest@7a56812e]" started-at="2025-07-05T18:43:54 IST" name="verifyFieldValidationMessages" data-provider="validationScenarios" finished-at="2025-07-05T18:43:55 IST" duration-ms="522" status="PASS">
          <params>
            <param index="0">
              <value>
                <![CDATA[test@testing.com]]>
              </value>
            </param>
            <param index="1">
              <value>
                <![CDATA[]]>
              </value>
            </param>
            <param index="2">
              <value>
                <![CDATA[password]]>
              </value>
            </param>
            <param index="3">
              <value>
                <![CDATA[Please fill out this field.]]>
              </value>
            </param>
          </params>
          <reporter-output>
          </reporter-output>
        </test-method> <!-- verifyFieldValidationMessages -->
        <test-method is-config="true" signature="setUpPage()[pri:0, instance:com.krollresolver.automation.tests.Test1_LoginTest@7a56812e]" started-at="2025-07-05T18:43:54 IST" name="setUpPage" finished-at="2025-07-05T18:43:54 IST" duration-ms="0" status="PASS">
          <reporter-output>
          </reporter-output>
        </test-method> <!-- setUpPage -->
        <test-method is-config="true" signature="tearDown()[pri:0, instance:com.krollresolver.automation.tests.Test1_LoginTest@7a56812e]" started-at="2025-07-05T18:43:55 IST" name="tearDown" finished-at="2025-07-05T18:43:55 IST" duration-ms="164" status="PASS">
          <reporter-output>
          </reporter-output>
        </test-method> <!-- tearDown -->
      </class> <!-- com.krollresolver.automation.tests.Test1_LoginTest -->
    </test> <!-- Chrome_Tests -->
    <test started-at="2025-07-05T18:43:56 IST" name="Edge_Tests" finished-at="2025-07-05T18:44:05 IST" duration-ms="8687">
      <class name="com.krollresolver.automation.tests.Test5_DelayedButtonTest">
        <test-method is-config="true" signature="initialize(java.lang.String)[pri:0, instance:com.krollresolver.automation.tests.Test5_DelayedButtonTest@1095f122]" started-at="2025-07-05T18:43:59 IST" name="initialize" finished-at="2025-07-05T18:44:01 IST" duration-ms="1510" status="PASS">
          <params>
            <param index="0">
              <value>
                <![CDATA[microsoftedge]]>
              </value>
            </param>
          </params>
          <reporter-output>
          </reporter-output>
        </test-method> <!-- initialize -->
        <test-method signature="verifyDelayedButtonBehavior()[pri:0, instance:com.krollresolver.automation.tests.Test5_DelayedButtonTest@1095f122]" started-at="2025-07-05T18:44:01 IST" name="verifyDelayedButtonBehavior" finished-at="2025-07-05T18:44:04 IST" duration-ms="3419" status="PASS">
          <reporter-output>
          </reporter-output>
        </test-method> <!-- verifyDelayedButtonBehavior -->
        <test-method is-config="true" signature="tearDown()[pri:0, instance:com.krollresolver.automation.tests.Test5_DelayedButtonTest@1095f122]" started-at="2025-07-05T18:44:04 IST" name="tearDown" finished-at="2025-07-05T18:44:05 IST" duration-ms="250" status="PASS">
          <reporter-output>
          </reporter-output>
        </test-method> <!-- tearDown -->
      </class> <!-- com.krollresolver.automation.tests.Test5_DelayedButtonTest -->
      <class name="com.krollresolver.automation.tests.Test3_DropdownTest">
        <test-method is-config="true" signature="initialize(java.lang.String)[pri:0, instance:com.krollresolver.automation.tests.Test3_DropdownTest@544630b7]" started-at="2025-07-05T18:43:56 IST" name="initialize" finished-at="2025-07-05T18:43:59 IST" duration-ms="2724" status="PASS">
          <params>
            <param index="0">
              <value>
                <![CDATA[microsoftedge]]>
              </value>
            </param>
          </params>
          <reporter-output>
          </reporter-output>
        </test-method> <!-- initialize -->
        <test-method signature="testDropdownSelection()[pri:0, instance:com.krollresolver.automation.tests.Test3_DropdownTest@544630b7]" started-at="2025-07-05T18:43:59 IST" name="testDropdownSelection" finished-at="2025-07-05T18:43:59 IST" duration-ms="562" status="PASS">
          <reporter-output>
          </reporter-output>
        </test-method> <!-- testDropdownSelection -->
        <test-method is-config="true" signature="tearDown()[pri:0, instance:com.krollresolver.automation.tests.Test3_DropdownTest@544630b7]" started-at="2025-07-05T18:43:59 IST" name="tearDown" finished-at="2025-07-05T18:44:00 IST" duration-ms="261" status="PASS">
          <reporter-output>
          </reporter-output>
        </test-method> <!-- tearDown -->
      </class> <!-- com.krollresolver.automation.tests.Test3_DropdownTest -->
      <class name="com.krollresolver.automation.tests.Test4_ButtonStateTest">
        <test-method is-config="true" signature="initialize(java.lang.String)[pri:0, instance:com.krollresolver.automation.tests.Test4_ButtonStateTest@64f857e7]" started-at="2025-07-05T18:43:56 IST" name="initialize" finished-at="2025-07-05T18:43:59 IST" duration-ms="2655" status="PASS">
          <params>
            <param index="0">
              <value>
                <![CDATA[microsoftedge]]>
              </value>
            </param>
          </params>
          <reporter-output>
          </reporter-output>
        </test-method> <!-- initialize -->
        <test-method signature="verifyButtonStatesOnTest4Page()[pri:0, instance:com.krollresolver.automation.tests.Test4_ButtonStateTest@64f857e7]" started-at="2025-07-05T18:43:59 IST" name="verifyButtonStatesOnTest4Page" finished-at="2025-07-05T18:43:59 IST" duration-ms="228" status="PASS">
          <reporter-output>
          </reporter-output>
        </test-method> <!-- verifyButtonStatesOnTest4Page -->
        <test-method is-config="true" signature="tearDown()[pri:0, instance:com.krollresolver.automation.tests.Test4_ButtonStateTest@64f857e7]" started-at="2025-07-05T18:43:59 IST" name="tearDown" finished-at="2025-07-05T18:43:59 IST" duration-ms="289" status="PASS">
          <reporter-output>
          </reporter-output>
        </test-method> <!-- tearDown -->
      </class> <!-- com.krollresolver.automation.tests.Test4_ButtonStateTest -->
      <class name="com.krollresolver.automation.tests.Test6_GridTest">
        <test-method is-config="true" signature="initialize(java.lang.String)[pri:0, instance:com.krollresolver.automation.tests.Test6_GridTest@58c540cf]" started-at="2025-07-05T18:44:00 IST" name="initialize" finished-at="2025-07-05T18:44:01 IST" duration-ms="1614" status="PASS">
          <params>
            <param index="0">
              <value>
                <![CDATA[microsoftedge]]>
              </value>
            </param>
          </params>
          <reporter-output>
          </reporter-output>
        </test-method> <!-- initialize -->
        <test-method signature="verifyGridDataAndCoordinates()[pri:0, instance:com.krollresolver.automation.tests.Test6_GridTest@58c540cf]" started-at="2025-07-05T18:44:01 IST" name="verifyGridDataAndCoordinates" finished-at="2025-07-05T18:44:02 IST" duration-ms="407" status="PASS">
          <reporter-output>
          </reporter-output>
        </test-method> <!-- verifyGridDataAndCoordinates -->
        <test-method is-config="true" signature="tearDown()[pri:0, instance:com.krollresolver.automation.tests.Test6_GridTest@58c540cf]" started-at="2025-07-05T18:44:02 IST" name="tearDown" finished-at="2025-07-05T18:44:02 IST" duration-ms="160" status="PASS">
          <reporter-output>
          </reporter-output>
        </test-method> <!-- tearDown -->
      </class> <!-- com.krollresolver.automation.tests.Test6_GridTest -->
    </test> <!-- Edge_Tests -->
  </suite> <!-- CrossBrowserSuite -->
</testng-results>
