<?xml version="1.0" encoding="UTF-8"?>
<!-- Generated by org.testng.reporters.JUnitXMLReporter -->
<testsuite ignored="0" hostname="Raj" failures="0" tests="4" name="Edge_Tests" time="10.057" errors="0" timestamp="2025-07-05T16:49:54 IST">
  <testcase classname="com.krollresolver.automation.tests.Test4_ButtonStateTest" name="verifyButtonStatesOnTest4Page" time="0.156"/>
  <testcase classname="com.krollresolver.automation.tests.Test3_DropdownTest" name="testDropdownSelection" time="0.525"/>
  <testcase classname="com.krollresolver.automation.tests.Test6_GridTest" name="verifyGridDataAndCoordinates" time="0.281"/>
  <testcase classname="com.krollresolver.automation.tests.Test5_DelayedButtonTest" name="verifyDelayedButtonBehavior" time="5.77"/>
</testsuite> <!-- Edge_Tests -->
