<?xml version="1.0" encoding="UTF-8"?>
<!-- Generated by org.testng.reporters.JUnitXMLReporter -->
<testsuite ignored="0" hostname="Raj" failures="0" tests="14" name="Test" time="15.286" errors="0" timestamp="2025-07-05T16:10:35 IST">
  <testcase classname="com.krollresolver.automation.tests.Test4_ButtonStateTest" name="verifyButtonStatesOnTest4Page" time="0.665"/>
  <testcase classname="com.krollresolver.automation.tests.Test2_ListGroupTest" name="testListGroupInTest2" time="0.43"/>
  <testcase classname="com.krollresolver.automation.tests.Test6_GridTest" name="verifyGridDataAndCoordinates" time="0.646"/>
  <testcase classname="com.krollresolver.automation.tests.Test3_DropdownTest" name="testDropdownSelection" time="1.277"/>
  <testcase classname="com.krollresolver.automation.tests.Test1_LoginTest" name="verifyLoginFieldsArePresent" time="0.618"/>
  <testcase classname="com.krollresolver.automation.tests.Test1_LoginTest" name="verifyInvalidEmailFormatValidation" time="0.198"/>
  <testcase classname="com.krollresolver.automation.tests.Test1_LoginTest" name="verifyRequiredPasswordFieldValidationMessage" time="0.269"/>
  <testcase classname="com.krollresolver.automation.tests.Test1_LoginTest" name="verifyRequiredEmailFieldValidationMessage" time="0.283"/>
  <testcase classname="com.krollresolver.automation.tests.Test1_LoginTest" name="verifyPasswordFieldIsMasked" time="0.029"/>
  <testcase classname="com.krollresolver.automation.tests.Test1_LoginTest" name="verifyInputFieldPlaceholders" time="0.049"/>
  <testcase classname="com.krollresolver.automation.tests.Test1_LoginTest" name="verifyFieldValidationMessages" time="0.288"/>
  <testcase classname="com.krollresolver.automation.tests.Test1_LoginTest" name="verifyFieldValidationMessages" time="0.364"/>
  <testcase classname="com.krollresolver.automation.tests.Test1_LoginTest" name="verifyFieldValidationMessages" time="0.467"/>
  <testcase classname="com.krollresolver.automation.tests.Test5_DelayedButtonTest" name="verifyDelayedButtonBehavior" time="10.576"/>
</testsuite> <!-- Test -->
